16:11:45 **** Incremental Build of configuration Debug for project lab10 ****
make all 
Building file: ../intVector.cpp
Invoking: GCC C++ Compiler
g++ -O0 -g3 -Wall -c -fmessage-length=0 -MMD -MP -MF"intVector.d" -MT"intVector.d" -o "intVector.o" "../intVector.cpp"
../intVector.cpp: In constructor 'intVector::intVector(int)':
../intVector.cpp:13:8: warning: extended initializer lists only available with -std=c++11 or -std=gnu++11
  :count{ size }
        ^
../intVector.cpp: In member function 'int intVector::get(int)':
../intVector.cpp:54:39: error: 'invalid_argument' is not a member of 'std'
  if(index > count || index < 0) throw std::invalid_argument("Index out of bounds.");
                                       ^
subdir.mk:21: recipe for target 'intVector.o' failed
make: *** [intVector.o] Error 1
16:12:35 **** Incremental Build of configuration Debug for project lab10 ****
make all 
Building file: ../intVector.cpp
Invoking: GCC C++ Compiler
g++ -O0 -g3 -Wall -c -fmessage-length=0 -MMD -MP -MF"intVector.d" -MT"intVector.d" -o "intVector.o" "../intVector.cpp"
../intVector.cpp: In constructor 'intVector::intVector(int)':
../intVector.cpp:13:8: warning: extended initializer lists only available with -std=c++11 or -std=gnu++11
  :count{ size }
        ^
../intVector.cpp: In member function 'int intVector::get(int)':
../intVector.cpp:54:78: error: 'invalid_argument' was not declared in this scope
  if(index > count || index < 0) throw invalid_argument("Index out of bounds.");
                                                                              ^
make: *** [intVector.o] Error 1
subdir.mk:21: recipe for target 'intVector.o' failed
16:12:35 **** Incremental Build of configuration Debug for project lab3 ****
make all 
make: Nothing to be done for 'all'.
16:12:36 **** Incremental Build of configuration Debug for project lab5 ****
make all 
make: Nothing to be done for 'all'.
16:12:36 **** Incremental Build of configuration Debug for project lab6 ****
make all 
make: Nothing to be done for 'all'.
16:12:36 **** Incremental Build of configuration Debug for project lab7 ****
make all 
make: Nothing to be done for 'all'.
16:12:36 **** Incremental Build of configuration Debug for project lab9 ****
make all 
make: Nothing to be done for 'all'.
16:12:36 **** Incremental Build of configuration Debug for project prog01 ****
make all 
make: Nothing to be done for 'all'.
16:12:36 **** Incremental Build of configuration Debug for project prog02 ****
make all 
make: Nothing to be done for 'all'.
16:12:36 **** Incremental Build of configuration Debug for project prog03 ****
make all 
make: Nothing to be done for 'all'.
16:13:19 **** Incremental Build of configuration Debug for project lab10 ****
make all 
Building file: ../intVector.cpp
Invoking: GCC C++ Compiler
g++ -O0 -g3 -Wall -c -fmessage-length=0 -MMD -MP -MF"intVector.d" -MT"intVector.d" -o "intVector.o" "../intVector.cpp"
../intVector.cpp: In constructor 'intVector::intVector(int)':
../intVector.cpp:12:8: warning: extended initializer lists only available with -std=c++11 or -std=gnu++11
  :count{ size }
        ^
Finished building: ../intVector.cpp
 
Building file: ../main.cpp
Invoking: GCC C++ Compiler
g++ -O0 -g3 -Wall -c -fmessage-length=0 -MMD -MP -MF"main.d" -MT"main.d" -o "main.o" "../main.cpp"
Finished building: ../main.cpp
 
Building target: lab10
Invoking: GCC C++ Linker
g++  -o "lab10"  ./intVector.o ./main.o   
Finished building target: lab10
 
16:13:20 **** Incremental Build of configuration Debug for project lab3 ****
make all 
make: Nothing to be done for 'all'.
16:13:20 **** Incremental Build of configuration Debug for project lab5 ****
make all 
make: Nothing to be done for 'all'.
16:13:20 **** Incremental Build of configuration Debug for project lab6 ****
make all 
make: Nothing to be done for 'all'.
16:13:20 **** Incremental Build of configuration Debug for project lab7 ****
make all 
make: Nothing to be done for 'all'.
16:13:20 **** Incremental Build of configuration Debug for project lab9 ****
make all 
make: Nothing to be done for 'all'.
16:13:20 **** Incremental Build of configuration Debug for project prog01 ****
make all 
make: Nothing to be done for 'all'.
16:13:20 **** Incremental Build of configuration Debug for project prog02 ****
make all 
make: Nothing to be done for 'all'.
16:13:20 **** Incremental Build of configuration Debug for project prog03 ****
make all 
make: Nothing to be done for 'all'.
16:13:24 **** Incremental Build of configuration Debug for project lab10 ****
make all 
make: Nothing to be done for 'all'.
16:19:18 **** Incremental Build of configuration Debug for project lab10 ****
make all 
Building file: ../intVector.cpp
Invoking: GCC C++ Compiler
g++ -O0 -g3 -Wall -c -fmessage-length=0 -MMD -MP -MF"intVector.d" -MT"intVector.d" -o "intVector.o" "../intVector.cpp"
../intVector.cpp: In constructor 'intVector::intVector(int)':
../intVector.cpp:12:8: warning: extended initializer lists only available with -std=c++11 or -std=gnu++11
  :count{ size }
        ^
../intVector.cpp: In copy constructor 'intVector::intVector(const intVector&)':
../intVector.cpp:22:31: error: passing 'const intVector' as 'this' argument discards qualifiers [-fpermissive]
  for(int i = 0; i < copy.size(); i++) {
                               ^
In file included from ../intVector.cpp:9:0:
../intVector.h:20:6: note:   in call to 'int intVector::size()'
  int size() { return count; }
      ^
../intVector.cpp:23:28: error: passing 'const intVector' as 'this' argument discards qualifiers [-fpermissive]
   set(count + i, copy.get(i));
                            ^
In file included from ../intVector.cpp:9:0:
../intVector.h:22:6: note:   in call to 'int intVector::get(int)'
  int get(int index);
      ^
subdir.mk:21: recipe for target 'intVector.o' failed
make: *** [intVector.o] Error 1
16:19:18 **** Incremental Build of configuration Debug for project lab3 ****
make all 
make: Nothing to be done for 'all'.
16:19:18 **** Incremental Build of configuration Debug for project lab5 ****
make all 
make: Nothing to be done for 'all'.
16:19:18 **** Incremental Build of configuration Debug for project lab6 ****
make all 
make: Nothing to be done for 'all'.
16:19:18 **** Incremental Build of configuration Debug for project lab7 ****
make all 
make: Nothing to be done for 'all'.
16:19:18 **** Incremental Build of configuration Debug for project lab9 ****
make all 
make: Nothing to be done for 'all'.
16:19:18 **** Incremental Build of configuration Debug for project prog01 ****
make all 
make: Nothing to be done for 'all'.
16:19:18 **** Incremental Build of configuration Debug for project prog02 ****
make all 
make: Nothing to be done for 'all'.
16:19:18 **** Incremental Build of configuration Debug for project prog03 ****
make all 
make: Nothing to be done for 'all'.
16:19:54 **** Incremental Build of configuration Debug for project lab10 ****
make all 
Building file: ../intVector.cpp
Invoking: GCC C++ Compiler
g++ -O0 -g3 -Wall -c -fmessage-length=0 -MMD -MP -MF"intVector.d" -MT"intVector.d" -o "intVector.o" "../intVector.cpp"
../intVector.cpp: In constructor 'intVector::intVector(int)':
../intVector.cpp:12:8: warning: extended initializer lists only available with -std=c++11 or -std=gnu++11
  :count{ size }
        ^
../intVector.cpp: In copy constructor 'intVector::intVector(const intVector&)':
../intVector.cpp:22:9: error: cannot convert 'const intVector' to 'int*' in assignment
  vector = copy;
         ^
subdir.mk:21: recipe for target 'intVector.o' failed
make: *** [intVector.o] Error 1
16:19:55 **** Incremental Build of configuration Debug for project lab3 ****
make all 
make: Nothing to be done for 'all'.
16:19:55 **** Incremental Build of configuration Debug for project lab5 ****
make all 
make: Nothing to be done for 'all'.
16:19:55 **** Incremental Build of configuration Debug for project lab6 ****
make all 
make: Nothing to be done for 'all'.
16:19:55 **** Incremental Build of configuration Debug for project lab7 ****
make all 
make: Nothing to be done for 'all'.
16:19:55 **** Incremental Build of configuration Debug for project lab9 ****
make all 
make: Nothing to be done for 'all'.
16:19:55 **** Incremental Build of configuration Debug for project prog01 ****
make all 
make: Nothing to be done for 'all'.
16:19:55 **** Incremental Build of configuration Debug for project prog02 ****
make all 
make: Nothing to be done for 'all'.
16:19:55 **** Incremental Build of configuration Debug for project prog03 ****
make all 
make: Nothing to be done for 'all'.
16:20:54 **** Incremental Build of configuration Debug for project lab10 ****
make all 
Building file: ../intVector.cpp
Invoking: GCC C++ Compiler
g++ -O0 -g3 -Wall -c -fmessage-length=0 -MMD -MP -MF"intVector.d" -MT"intVector.d" -o "intVector.o" "../intVector.cpp"
../intVector.cpp: In constructor 'intVector::intVector(int)':
../intVector.cpp:12:8: warning: extended initializer lists only available with -std=c++11 or -std=gnu++11
  :count{ size }
        ^
../intVector.cpp: In copy constructor 'intVector::intVector(const intVector&)':
../intVector.cpp:22:20: error: passing 'const intVector' as 'this' argument discards qualifiers [-fpermissive]
  count = copy.size();
                    ^
In file included from ../intVector.cpp:9:0:
../intVector.h:20:6: note:   in call to 'int intVector::size()'
  int size() { return count; }
      ^
../intVector.cpp:25:22: error: invalid types 'int[int]' for array subscript
   vector[i] = count[i];
                      ^
make: *** [intVector.o] Error 1
subdir.mk:21: recipe for target 'intVector.o' failed
16:20:54 **** Incremental Build of configuration Debug for project lab3 ****
make all 
make: Nothing to be done for 'all'.
16:20:54 **** Incremental Build of configuration Debug for project lab5 ****
make all 
make: Nothing to be done for 'all'.
16:20:54 **** Incremental Build of configuration Debug for project lab6 ****
make all 
make: Nothing to be done for 'all'.
16:20:54 **** Incremental Build of configuration Debug for project lab7 ****
make all 
make: Nothing to be done for 'all'.
16:20:54 **** Incremental Build of configuration Debug for project lab9 ****
make all 
make: Nothing to be done for 'all'.
16:20:54 **** Incremental Build of configuration Debug for project prog01 ****
make all 
make: Nothing to be done for 'all'.
16:20:54 **** Incremental Build of configuration Debug for project prog02 ****
make all 
make: Nothing to be done for 'all'.
16:20:54 **** Incremental Build of configuration Debug for project prog03 ****
make all 
make: Nothing to be done for 'all'.
16:22:34 **** Incremental Build of configuration Debug for project lab10 ****
make all 
Building file: ../intVector.cpp
Invoking: GCC C++ Compiler
g++ -O0 -g3 -Wall -c -fmessage-length=0 -MMD -MP -MF"intVector.d" -MT"intVector.d" -o "intVector.o" "../intVector.cpp"
../intVector.cpp: In constructor 'intVector::intVector(int)':
../intVector.cpp:12:8: warning: extended initializer lists only available with -std=c++11 or -std=gnu++11
  :count{ size }
        ^
../intVector.cpp: In copy constructor 'intVector::intVector(const intVector&)':
../intVector.cpp:22:21: error: passing 'const intVector' as 'this' argument discards qualifiers [-fpermissive]
  count = *copy.size();
                     ^
In file included from ../intVector.cpp:9:0:
../intVector.h:20:6: note:   in call to 'int intVector::size()'
  int size() { return count; }
      ^
../intVector.cpp:22:21: error: invalid type argument of unary '*' (have 'int')
  count = *copy.size();
                     ^
../intVector.cpp:25:26: error: passing 'const intVector' as 'this' argument discards qualifiers [-fpermissive]
   vector[i] = *copy.get(i);
                          ^
In file included from ../intVector.cpp:9:0:
../intVector.h:22:6: note:   in call to 'int intVector::get(int)'
  int get(int index);
      ^
../intVector.cpp:25:26: error: invalid type argument of unary '*' (have 'int')
   vector[i] = *copy.get(i);
                          ^
make: *** [intVector.o] Error 1
subdir.mk:21: recipe for target 'intVector.o' failed
16:22:34 **** Incremental Build of configuration Debug for project lab3 ****
make all 
make: Nothing to be done for 'all'.
16:22:34 **** Incremental Build of configuration Debug for project lab5 ****
make all 
make: Nothing to be done for 'all'.
16:22:34 **** Incremental Build of configuration Debug for project lab6 ****
make all 
make: Nothing to be done for 'all'.
16:22:34 **** Incremental Build of configuration Debug for project lab7 ****
make all 
make: Nothing to be done for 'all'.
16:22:34 **** Incremental Build of configuration Debug for project lab9 ****
make all 
make: Nothing to be done for 'all'.
16:22:34 **** Incremental Build of configuration Debug for project prog01 ****
make all 
make: Nothing to be done for 'all'.
16:22:34 **** Incremental Build of configuration Debug for project prog02 ****
make all 
make: Nothing to be done for 'all'.
16:22:34 **** Incremental Build of configuration Debug for project prog03 ****
make all 
make: Nothing to be done for 'all'.
16:23:40 **** Incremental Build of configuration Debug for project lab10 ****
make all 
Building file: ../intVector.cpp
Invoking: GCC C++ Compiler
g++ -O0 -g3 -Wall -c -fmessage-length=0 -MMD -MP -MF"intVector.d" -MT"intVector.d" -o "intVector.o" "../intVector.cpp"
../intVector.cpp: In constructor 'intVector::intVector(int)':
../intVector.cpp:12:8: warning: extended initializer lists only available with -std=c++11 or -std=gnu++11
  :count{ size }
        ^
../intVector.cpp: In copy constructor 'intVector::intVector(const intVector&)':
../intVector.cpp:22:30: error: passing 'const intVector' as 'this' argument discards qualifiers [-fpermissive]
  vector = new int[*copy.size()];
                              ^
In file included from ../intVector.cpp:9:0:
../intVector.h:20:6: note:   in call to 'int intVector::size()'
  int size() { return count; }
      ^
../intVector.cpp:22:30: error: invalid type argument of unary '*' (have 'int')
  vector = new int[*copy.size()];
                              ^
make: *** [intVector.o] Error 1
subdir.mk:21: recipe for target 'intVector.o' failed
16:23:40 **** Incremental Build of configuration Debug for project lab3 ****
make all 
make: Nothing to be done for 'all'.
16:23:40 **** Incremental Build of configuration Debug for project lab5 ****
make all 
make: Nothing to be done for 'all'.
16:23:40 **** Incremental Build of configuration Debug for project lab6 ****
make all 
make: Nothing to be done for 'all'.
16:23:40 **** Incremental Build of configuration Debug for project lab7 ****
make all 
make: Nothing to be done for 'all'.
16:23:40 **** Incremental Build of configuration Debug for project lab9 ****
make all 
make: Nothing to be done for 'all'.
16:23:40 **** Incremental Build of configuration Debug for project prog01 ****
make all 
make: Nothing to be done for 'all'.
16:23:40 **** Incremental Build of configuration Debug for project prog02 ****
make all 
make: Nothing to be done for 'all'.
16:23:40 **** Incremental Build of configuration Debug for project prog03 ****
make all 
make: Nothing to be done for 'all'.
16:23:47 **** Incremental Build of configuration Debug for project lab10 ****
make all 
Building file: ../intVector.cpp
Invoking: GCC C++ Compiler
g++ -O0 -g3 -Wall -c -fmessage-length=0 -MMD -MP -MF"intVector.d" -MT"intVector.d" -o "intVector.o" "../intVector.cpp"
../intVector.cpp: In constructor 'intVector::intVector(int)':
../intVector.cpp:12:8: warning: extended initializer lists only available with -std=c++11 or -std=gnu++11
  :count{ size }
        ^
../intVector.cpp: In copy constructor 'intVector::intVector(const intVector&)':
../intVector.cpp:22:31: error: passing 'const intVector' as 'this' argument discards qualifiers [-fpermissive]
  *vector = new int[*copy.size()];
                               ^
In file included from ../intVector.cpp:9:0:
../intVector.h:20:6: note:   in call to 'int intVector::size()'
  int size() { return count; }
      ^
../intVector.cpp:22:31: error: invalid type argument of unary '*' (have 'int')
  *vector = new int[*copy.size()];
                               ^
../intVector.cpp:22:10: error: invalid conversion from 'int*' to 'int' [-fpermissive]
  *vector = new int[*copy.size()];
          ^
subdir.mk:21: recipe for target 'intVector.o' failed
make: *** [intVector.o] Error 1
16:23:47 **** Incremental Build of configuration Debug for project lab3 ****
make all 
make: Nothing to be done for 'all'.
16:23:47 **** Incremental Build of configuration Debug for project lab5 ****
make all 
make: Nothing to be done for 'all'.
16:23:47 **** Incremental Build of configuration Debug for project lab6 ****
make all 
make: Nothing to be done for 'all'.
16:23:47 **** Incremental Build of configuration Debug for project lab7 ****
make all 
make: Nothing to be done for 'all'.
16:23:47 **** Incremental Build of configuration Debug for project lab9 ****
make all 
make: Nothing to be done for 'all'.
16:23:47 **** Incremental Build of configuration Debug for project prog01 ****
make all 
make: Nothing to be done for 'all'.
16:23:48 **** Incremental Build of configuration Debug for project prog02 ****
make all 
make: Nothing to be done for 'all'.
16:23:48 **** Incremental Build of configuration Debug for project prog03 ****
make all 
make: Nothing to be done for 'all'.
16:24:00 **** Incremental Build of configuration Debug for project lab10 ****
make all 
Building file: ../intVector.cpp
Invoking: GCC C++ Compiler
g++ -O0 -g3 -Wall -c -fmessage-length=0 -MMD -MP -MF"intVector.d" -MT"intVector.d" -o "intVector.o" "../intVector.cpp"
../intVector.cpp: In constructor 'intVector::intVector(int)':
../intVector.cpp:12:8: warning: extended initializer lists only available with -std=c++11 or -std=gnu++11
  :count{ size }
        ^
Finished building: ../intVector.cpp
 
Building file: ../main.cpp
Invoking: GCC C++ Compiler
g++ -O0 -g3 -Wall -c -fmessage-length=0 -MMD -MP -MF"main.d" -MT"main.d" -o "main.o" "../main.cpp"
Finished building: ../main.cpp
 
Building target: lab10
Invoking: GCC C++ Linker
g++  -o "lab10"  ./intVector.o ./main.o   
Finished building target: lab10
 
16:24:01 **** Incremental Build of configuration Debug for project lab3 ****
make all 
make: Nothing to be done for 'all'.
16:24:01 **** Incremental Build of configuration Debug for project lab5 ****
make all 
make: Nothing to be done for 'all'.
16:24:01 **** Incremental Build of configuration Debug for project lab6 ****
make all 
make: Nothing to be done for 'all'.
16:24:01 **** Incremental Build of configuration Debug for project lab7 ****
make all 
make: Nothing to be done for 'all'.
16:24:01 **** Incremental Build of configuration Debug for project lab9 ****
make all 
make: Nothing to be done for 'all'.
16:24:01 **** Incremental Build of configuration Debug for project prog01 ****
make all 
make: Nothing to be done for 'all'.
16:24:01 **** Incremental Build of configuration Debug for project prog02 ****
make all 
make: Nothing to be done for 'all'.
16:24:01 **** Incremental Build of configuration Debug for project prog03 ****
make all 
make: Nothing to be done for 'all'.
16:24:49 **** Incremental Build of configuration Debug for project lab10 ****
make all 
Building file: ../intVector.cpp
Invoking: GCC C++ Compiler
g++ -O0 -g3 -Wall -c -fmessage-length=0 -MMD -MP -MF"intVector.d" -MT"intVector.d" -o "intVector.o" "../intVector.cpp"
../intVector.cpp: In constructor 'intVector::intVector(int)':
../intVector.cpp:12:8: warning: extended initializer lists only available with -std=c++11 or -std=gnu++11
  :count{ size }
        ^
../intVector.cpp: In copy constructor 'intVector::intVector(const intVector&)':
../intVector.cpp:22:20: error: passing 'const intVector' as 'this' argument discards qualifiers [-fpermissive]
  count = copy.size();
                    ^
In file included from ../intVector.cpp:9:0:
../intVector.h:20:6: note:   in call to 'int intVector::size()'
  int size() { return count; }
      ^
subdir.mk:21: recipe for target 'intVector.o' failed
make: *** [intVector.o] Error 1
16:24:50 **** Incremental Build of configuration Debug for project lab3 ****
make all 
make: Nothing to be done for 'all'.
16:24:50 **** Incremental Build of configuration Debug for project lab5 ****
make all 
make: Nothing to be done for 'all'.
16:24:50 **** Incremental Build of configuration Debug for project lab6 ****
make all 
make: Nothing to be done for 'all'.
16:24:50 **** Incremental Build of configuration Debug for project lab7 ****
make all 
make: Nothing to be done for 'all'.
16:24:50 **** Incremental Build of configuration Debug for project lab9 ****
make all 
make: Nothing to be done for 'all'.
16:24:50 **** Incremental Build of configuration Debug for project prog01 ****
make all 
make: Nothing to be done for 'all'.
16:24:50 **** Incremental Build of configuration Debug for project prog02 ****
make all 
make: Nothing to be done for 'all'.
16:24:50 **** Incremental Build of configuration Debug for project prog03 ****
make all 
make: Nothing to be done for 'all'.
16:25:50 **** Incremental Build of configuration Debug for project lab10 ****
make all 
Building file: ../intVector.cpp
Invoking: GCC C++ Compiler
g++ -O0 -g3 -Wall -c -fmessage-length=0 -MMD -MP -MF"intVector.d" -MT"intVector.d" -o "intVector.o" "../intVector.cpp"
../intVector.cpp: In constructor 'intVector::intVector(int)':
../intVector.cpp:12:8: warning: extended initializer lists only available with -std=c++11 or -std=gnu++11
  :count{ size }
        ^
../intVector.cpp: At global scope:
../intVector.cpp:57:5: error: prototype for 'int intVector::get(int)' does not match any in class 'intVector'
 int intVector::get(int index) {
     ^
In file included from ../intVector.cpp:9:0:
../intVector.h:22:6: error: candidate is: int intVector::get(int) const
  int get(int index) const;
      ^
subdir.mk:21: recipe for target 'intVector.o' failed
make: *** [intVector.o] Error 1
16:25:50 **** Incremental Build of configuration Debug for project lab3 ****
make all 
make: Nothing to be done for 'all'.
16:25:50 **** Incremental Build of configuration Debug for project lab5 ****
make all 
make: Nothing to be done for 'all'.
16:25:50 **** Incremental Build of configuration Debug for project lab6 ****
make all 
make: Nothing to be done for 'all'.
16:25:50 **** Incremental Build of configuration Debug for project lab7 ****
make all 
make: Nothing to be done for 'all'.
16:25:50 **** Incremental Build of configuration Debug for project lab9 ****
make all 
make: Nothing to be done for 'all'.
16:25:50 **** Incremental Build of configuration Debug for project prog01 ****
make all 
make: Nothing to be done for 'all'.
16:25:50 **** Incremental Build of configuration Debug for project prog02 ****
make all 
make: Nothing to be done for 'all'.
16:25:50 **** Incremental Build of configuration Debug for project prog03 ****
make all 
make: Nothing to be done for 'all'.
16:26:06 **** Incremental Build of configuration Debug for project lab10 ****
make all 
Building file: ../intVector.cpp
Invoking: GCC C++ Compiler
g++ -O0 -g3 -Wall -c -fmessage-length=0 -MMD -MP -MF"intVector.d" -MT"intVector.d" -o "intVector.o" "../intVector.cpp"
../intVector.cpp: In constructor 'intVector::intVector(int)':
../intVector.cpp:12:8: warning: extended initializer lists only available with -std=c++11 or -std=gnu++11
  :count{ size }
        ^
Finished building: ../intVector.cpp
 
Building file: ../main.cpp
Invoking: GCC C++ Compiler
g++ -O0 -g3 -Wall -c -fmessage-length=0 -MMD -MP -MF"main.d" -MT"main.d" -o "main.o" "../main.cpp"
Finished building: ../main.cpp
 
Building target: lab10
Invoking: GCC C++ Linker
g++  -o "lab10"  ./intVector.o ./main.o   
Finished building target: lab10
 
16:26:06 **** Incremental Build of configuration Debug for project lab3 ****
make all 
make: Nothing to be done for 'all'.
16:26:06 **** Incremental Build of configuration Debug for project lab5 ****
make all 
make: Nothing to be done for 'all'.
16:26:07 **** Incremental Build of configuration Debug for project lab6 ****
make all 
make: Nothing to be done for 'all'.
16:26:07 **** Incremental Build of configuration Debug for project lab7 ****
make all 
make: Nothing to be done for 'all'.
16:26:07 **** Incremental Build of configuration Debug for project lab9 ****
make all 
make: Nothing to be done for 'all'.
16:26:07 **** Incremental Build of configuration Debug for project prog01 ****
make all 
make: Nothing to be done for 'all'.
16:26:07 **** Incremental Build of configuration Debug for project prog02 ****
make all 
make: Nothing to be done for 'all'.
16:26:07 **** Incremental Build of configuration Debug for project prog03 ****
make all 
make: Nothing to be done for 'all'.
16:26:16 **** Incremental Build of configuration Debug for project lab10 ****
make all 
make: Nothing to be done for 'all'.
16:26:55 **** Incremental Build of configuration Debug for project lab10 ****
make all 
Building file: ../main.cpp
Invoking: GCC C++ Compiler
g++ -O0 -g3 -Wall -c -fmessage-length=0 -MMD -MP -MF"main.d" -MT"main.d" -o "main.o" "../main.cpp"
Finished building: ../main.cpp
 
Building target: lab10
Invoking: GCC C++ Linker
g++  -o "lab10"  ./intVector.o ./main.o   
Finished building target: lab10
 
16:26:55 **** Incremental Build of configuration Debug for project lab3 ****
make all 
make: Nothing to be done for 'all'.
16:26:55 **** Incremental Build of configuration Debug for project lab5 ****
make all 
make: Nothing to be done for 'all'.
16:26:55 **** Incremental Build of configuration Debug for project lab6 ****
make all 
make: Nothing to be done for 'all'.
16:26:55 **** Incremental Build of configuration Debug for project lab7 ****
make all 
make: Nothing to be done for 'all'.
16:26:55 **** Incremental Build of configuration Debug for project lab9 ****
make all 
make: Nothing to be done for 'all'.
16:26:55 **** Incremental Build of configuration Debug for project prog01 ****
make all 
make: Nothing to be done for 'all'.
16:26:55 **** Incremental Build of configuration Debug for project prog02 ****
make all 
make: Nothing to be done for 'all'.
16:26:55 **** Incremental Build of configuration Debug for project prog03 ****
make all 
make: Nothing to be done for 'all'.
16:26:58 **** Incremental Build of configuration Debug for project lab10 ****
make all 
make: Nothing to be done for 'all'.
16:27:21 **** Incremental Build of configuration Debug for project lab10 ****
make all 
Building file: ../main.cpp
Invoking: GCC C++ Compiler
g++ -O0 -g3 -Wall -c -fmessage-length=0 -MMD -MP -MF"main.d" -MT"main.d" -o "main.o" "../main.cpp"
Finished building: ../main.cpp
 
Building target: lab10
Invoking: GCC C++ Linker
g++  -o "lab10"  ./intVector.o ./main.o   
Finished building target: lab10
 
16:27:21 **** Incremental Build of configuration Debug for project lab3 ****
make all 
make: Nothing to be done for 'all'.
16:27:21 **** Incremental Build of configuration Debug for project lab5 ****
make all 
make: Nothing to be done for 'all'.
16:27:21 **** Incremental Build of configuration Debug for project lab6 ****
make all 
make: Nothing to be done for 'all'.
16:27:21 **** Incremental Build of configuration Debug for project lab7 ****
make all 
make: Nothing to be done for 'all'.
16:27:21 **** Incremental Build of configuration Debug for project lab9 ****
make all 
make: Nothing to be done for 'all'.
16:27:22 **** Incremental Build of configuration Debug for project prog01 ****
make all 
make: Nothing to be done for 'all'.
16:27:22 **** Incremental Build of configuration Debug for project prog02 ****
make all 
make: Nothing to be done for 'all'.
16:27:22 **** Incremental Build of configuration Debug for project prog03 ****
make all 
make: Nothing to be done for 'all'.
16:27:25 **** Incremental Build of configuration Debug for project lab10 ****
make all 
make: Nothing to be done for 'all'.
16:29:06 **** Incremental Build of configuration Debug for project lab10 ****
make all 
Building file: ../intVector.cpp
Invoking: GCC C++ Compiler
g++ -O0 -g3 -Wall -c -fmessage-length=0 -MMD -MP -MF"intVector.d" -MT"intVector.d" -o "intVector.o" "../intVector.cpp"
../intVector.cpp: In constructor 'intVector::intVector(int)':
../intVector.cpp:12:8: warning: extended initializer lists only available with -std=c++11 or -std=gnu++11
  :count{ size }
        ^
Finished building: ../intVector.cpp
 
Building file: ../main.cpp
Invoking: GCC C++ Compiler
g++ -O0 -g3 -Wall -c -fmessage-length=0 -MMD -MP -MF"main.d" -MT"main.d" -o "main.o" "../main.cpp"
Finished building: ../main.cpp
 
Building target: lab10
Invoking: GCC C++ Linker
g++  -o "lab10"  ./intVector.o ./main.o   
Finished building target: lab10
 
16:29:07 **** Incremental Build of configuration Debug for project lab3 ****
make all 
make: Nothing to be done for 'all'.
16:29:07 **** Incremental Build of configuration Debug for project lab5 ****
make all 
make: Nothing to be done for 'all'.
16:29:07 **** Incremental Build of configuration Debug for project lab6 ****
make all 
make: Nothing to be done for 'all'.
16:29:07 **** Incremental Build of configuration Debug for project lab7 ****
make all 
make: Nothing to be done for 'all'.
16:29:07 **** Incremental Build of configuration Debug for project lab9 ****
make all 
make: Nothing to be done for 'all'.
16:29:07 **** Incremental Build of configuration Debug for project prog01 ****
make all 
make: Nothing to be done for 'all'.
16:29:07 **** Incremental Build of configuration Debug for project prog02 ****
make all 
make: Nothing to be done for 'all'.
16:29:07 **** Incremental Build of configuration Debug for project prog03 ****
make all 
make: Nothing to be done for 'all'.
16:29:11 **** Incremental Build of configuration Debug for project lab10 ****
make all 
make: Nothing to be done for 'all'.
16:34:16 **** Incremental Build of configuration Debug for project lab10 ****
make all 
Building file: ../intVector.cpp
Invoking: GCC C++ Compiler
g++ -O0 -g3 -Wall -c -fmessage-length=0 -MMD -MP -MF"intVector.d" -MT"intVector.d" -o "intVector.o" "../intVector.cpp"
../intVector.cpp: In constructor 'intVector::intVector(int)':
../intVector.cpp:12:8: warning: extended initializer lists only available with -std=c++11 or -std=gnu++11
  :count{ size }
        ^
Finished building: ../intVector.cpp
 
Building target: lab10
Invoking: GCC C++ Linker
g++  -o "lab10"  ./intVector.o ./main.o   
Finished building target: lab10
 
16:34:16 **** Incremental Build of configuration Debug for project lab3 ****
make all 
make: Nothing to be done for 'all'.
16:34:16 **** Incremental Build of configuration Debug for project lab5 ****
make all 
make: Nothing to be done for 'all'.
16:34:16 **** Incremental Build of configuration Debug for project lab6 ****
make all 
make: Nothing to be done for 'all'.
16:34:16 **** Incremental Build of configuration Debug for project lab7 ****
make all 
make: Nothing to be done for 'all'.
16:34:16 **** Incremental Build of configuration Debug for project lab9 ****
make all 
make: Nothing to be done for 'all'.
16:34:16 **** Incremental Build of configuration Debug for project prog01 ****
make all 
make: Nothing to be done for 'all'.
16:34:16 **** Incremental Build of configuration Debug for project prog02 ****
make all 
make: Nothing to be done for 'all'.
16:34:17 **** Incremental Build of configuration Debug for project prog03 ****
make all 
make: Nothing to be done for 'all'.
16:36:29 **** Incremental Build of configuration Debug for project lab10 ****
make all 
Building file: ../intVector.cpp
Invoking: GCC C++ Compiler
g++ -O0 -g3 -Wall -c -fmessage-length=0 -MMD -MP -MF"intVector.d" -MT"intVector.d" -o "intVector.o" "../intVector.cpp"
../intVector.cpp: In constructor 'intVector::intVector(int)':
../intVector.cpp:12:8: warning: extended initializer lists only available with -std=c++11 or -std=gnu++11
  :count{ size }
        ^
../intVector.cpp: In copy constructor 'intVector::intVector(const intVector&)':
../intVector.cpp:26:53: error: 'memcpy' was not declared in this scope
    memcpy(vector[i], copy.get(i), sizeof copy.get(i));
                                                     ^
subdir.mk:21: recipe for target 'intVector.o' failed
make: *** [intVector.o] Error 1
16:36:29 **** Incremental Build of configuration Debug for project lab3 ****
make all 
make: Nothing to be done for 'all'.
16:36:29 **** Incremental Build of configuration Debug for project lab5 ****
make all 
make: Nothing to be done for 'all'.
16:36:29 **** Incremental Build of configuration Debug for project lab6 ****
make all 
make: Nothing to be done for 'all'.
16:36:29 **** Incremental Build of configuration Debug for project lab7 ****
make all 
make: Nothing to be done for 'all'.
16:36:29 **** Incremental Build of configuration Debug for project lab9 ****
make all 
make: Nothing to be done for 'all'.
16:36:29 **** Incremental Build of configuration Debug for project prog01 ****
make all 
make: Nothing to be done for 'all'.
16:36:29 **** Incremental Build of configuration Debug for project prog02 ****
make all 
make: Nothing to be done for 'all'.
16:36:29 **** Incremental Build of configuration Debug for project prog03 ****
make all 
make: Nothing to be done for 'all'.
16:36:43 **** Incremental Build of configuration Debug for project lab10 ****
make all 
Building file: ../intVector.cpp
Invoking: GCC C++ Compiler
g++ -O0 -g3 -Wall -c -fmessage-length=0 -MMD -MP -MF"intVector.d" -MT"intVector.d" -o "intVector.o" "../intVector.cpp"
../intVector.cpp: In constructor 'intVector::intVector(int)':
../intVector.cpp:12:8: warning: extended initializer lists only available with -std=c++11 or -std=gnu++11
  :count{ size }
        ^
../intVector.cpp: In copy constructor 'intVector::intVector(const intVector&)':
../intVector.cpp:26:4: error: 'srd' has not been declared
    srd::memcpy(vector[i], copy.get(i), sizeof copy.get(i));
    ^
make: *** [intVector.o] Error 1
subdir.mk:21: recipe for target 'intVector.o' failed
16:36:43 **** Incremental Build of configuration Debug for project lab3 ****
make all 
make: Nothing to be done for 'all'.
16:36:43 **** Incremental Build of configuration Debug for project lab5 ****
make all 
make: Nothing to be done for 'all'.
16:36:43 **** Incremental Build of configuration Debug for project lab6 ****
make all 
make: Nothing to be done for 'all'.
16:36:43 **** Incremental Build of configuration Debug for project lab7 ****
make all 
make: Nothing to be done for 'all'.
16:36:43 **** Incremental Build of configuration Debug for project lab9 ****
make all 
make: Nothing to be done for 'all'.
16:36:43 **** Incremental Build of configuration Debug for project prog01 ****
make all 
make: Nothing to be done for 'all'.
16:36:43 **** Incremental Build of configuration Debug for project prog02 ****
make all 
make: Nothing to be done for 'all'.
16:36:43 **** Incremental Build of configuration Debug for project prog03 ****
make all 
make: Nothing to be done for 'all'.
16:37:03 **** Incremental Build of configuration Debug for project lab10 ****
make all 
Building file: ../intVector.cpp
Invoking: GCC C++ Compiler
g++ -O0 -g3 -Wall -c -fmessage-length=0 -MMD -MP -MF"intVector.d" -MT"intVector.d" -o "intVector.o" "../intVector.cpp"
../intVector.cpp: In constructor 'intVector::intVector(int)':
../intVector.cpp:12:8: warning: extended initializer lists only available with -std=c++11 or -std=gnu++11
  :count{ size }
        ^
../intVector.cpp: In copy constructor 'intVector::intVector(const intVector&)':
../intVector.cpp:26:4: error: 'memcpy' is not a member of 'std'
    std::memcpy(vector[i], copy.get(i), sizeof copy.get(i));
    ^
make: *** [intVector.o] Error 1
subdir.mk:21: recipe for target 'intVector.o' failed
16:37:03 **** Incremental Build of configuration Debug for project lab3 ****
make all 
make: Nothing to be done for 'all'.
16:37:03 **** Incremental Build of configuration Debug for project lab5 ****
make all 
make: Nothing to be done for 'all'.
16:37:03 **** Incremental Build of configuration Debug for project lab6 ****
make all 
make: Nothing to be done for 'all'.
16:37:03 **** Incremental Build of configuration Debug for project lab7 ****
make all 
make: Nothing to be done for 'all'.
16:37:03 **** Incremental Build of configuration Debug for project lab9 ****
make all 
make: Nothing to be done for 'all'.
16:37:03 **** Incremental Build of configuration Debug for project prog01 ****
make all 
make: Nothing to be done for 'all'.
16:37:03 **** Incremental Build of configuration Debug for project prog02 ****
make all 
make: Nothing to be done for 'all'.
16:37:03 **** Incremental Build of configuration Debug for project prog03 ****
make all 
make: Nothing to be done for 'all'.
16:37:39 **** Incremental Build of configuration Debug for project lab10 ****
make all 
Building file: ../intVector.cpp
Invoking: GCC C++ Compiler
g++ -O0 -g3 -Wall -c -fmessage-length=0 -MMD -MP -MF"intVector.d" -MT"intVector.d" -o "intVector.o" "../intVector.cpp"
../intVector.cpp: In constructor 'intVector::intVector(int)':
../intVector.cpp:13:8: warning: extended initializer lists only available with -std=c++11 or -std=gnu++11
  :count{ size }
        ^
../intVector.cpp: In copy constructor 'intVector::intVector(const intVector&)':
../intVector.cpp:27:24: error: invalid conversion from 'int' to 'void*' [-fpermissive]
    std::memcpy(vector[i], copy.get(i), sizeof copy.get(i));
                        ^
In file included from /usr/include/c++/5.3.0/cstring:42:0,
                 from ../intVector.cpp:9:
/usr/include/string.h:42:14: note:   initializing argument 1 of 'void* memcpy(void*, const void*, size_t)'
 extern void *memcpy (void *__restrict __dest, const void *__restrict __src,
              ^
../intVector.cpp:27:35: error: invalid conversion from 'int' to 'const void*' [-fpermissive]
    std::memcpy(vector[i], copy.get(i), sizeof copy.get(i));
                                   ^
In file included from /usr/include/c++/5.3.0/cstring:42:0,
                 from ../intVector.cpp:9:
/usr/include/string.h:42:14: note:   initializing argument 2 of 'void* memcpy(void*, const void*, size_t)'
 extern void *memcpy (void *__restrict __dest, const void *__restrict __src,
              ^
subdir.mk:21: recipe for target 'intVector.o' failed
make: *** [intVector.o] Error 1
16:37:39 **** Incremental Build of configuration Debug for project lab3 ****
make all 
make: Nothing to be done for 'all'.
16:37:39 **** Incremental Build of configuration Debug for project lab5 ****
make all 
make: Nothing to be done for 'all'.
16:37:39 **** Incremental Build of configuration Debug for project lab6 ****
make all 
make: Nothing to be done for 'all'.
16:37:39 **** Incremental Build of configuration Debug for project lab7 ****
make all 
make: Nothing to be done for 'all'.
16:37:39 **** Incremental Build of configuration Debug for project lab9 ****
make all 
make: Nothing to be done for 'all'.
16:37:39 **** Incremental Build of configuration Debug for project prog01 ****
make all 
make: Nothing to be done for 'all'.
16:37:39 **** Incremental Build of configuration Debug for project prog02 ****
make all 
make: Nothing to be done for 'all'.
16:37:40 **** Incremental Build of configuration Debug for project prog03 ****
make all 
make: Nothing to be done for 'all'.
16:43:24 **** Incremental Build of configuration Debug for project lab10 ****
make all 
Building file: ../intVector.cpp
Invoking: GCC C++ Compiler
g++ -O0 -g3 -Wall -c -fmessage-length=0 -MMD -MP -MF"intVector.d" -MT"intVector.d" -o "intVector.o" "../intVector.cpp"
../intVector.cpp: In constructor 'intVector::intVector(int)':
../intVector.cpp:12:8: warning: extended initializer lists only available with -std=c++11 or -std=gnu++11
  :count{ size }
        ^
../intVector.cpp: At global scope:
../intVector.cpp:33:54: error: definition of implicitly-declared 'intVector& intVector::operator=(const intVector&)'
 intVector& intVector::operator=(const intVector &copy) {
                                                      ^
subdir.mk:21: recipe for target 'intVector.o' failed
make: *** [intVector.o] Error 1
16:43:25 **** Incremental Build of configuration Debug for project lab3 ****
make all 
make: Nothing to be done for 'all'.
16:43:25 **** Incremental Build of configuration Debug for project lab5 ****
make all 
make: Nothing to be done for 'all'.
16:43:25 **** Incremental Build of configuration Debug for project lab6 ****
make all 
make: Nothing to be done for 'all'.
16:43:25 **** Incremental Build of configuration Debug for project lab7 ****
make all 
make: Nothing to be done for 'all'.
16:43:25 **** Incremental Build of configuration Debug for project lab9 ****
make all 
make: Nothing to be done for 'all'.
16:43:25 **** Incremental Build of configuration Debug for project prog01 ****
make all 
make: Nothing to be done for 'all'.
16:43:25 **** Incremental Build of configuration Debug for project prog02 ****
make all 
make: Nothing to be done for 'all'.
16:43:25 **** Incremental Build of configuration Debug for project prog03 ****
make all 
make: Nothing to be done for 'all'.
16:43:51 **** Incremental Build of configuration Debug for project lab10 ****
make all 
Building file: ../intVector.cpp
Invoking: GCC C++ Compiler
g++ -O0 -g3 -Wall -c -fmessage-length=0 -MMD -MP -MF"intVector.d" -MT"intVector.d" -o "intVector.o" "../intVector.cpp"
In file included from ../intVector.cpp:9:0:
../intVector.h:24:1: error: expected ',' or '...' before '}' token
 };
 ^
../intVector.h:24:1: error: expected ')' before '}' token
../intVector.h:23:40: error: expected ';' at end of member declaration
  intVector& operator=(const intVector &copy
                                        ^
../intVector.cpp: In constructor 'intVector::intVector(int)':
../intVector.cpp:12:8: warning: extended initializer lists only available with -std=c++11 or -std=gnu++11
  :count{ size }
        ^
subdir.mk:21: recipe for target 'intVector.o' failed
make: *** [intVector.o] Error 1
16:43:51 **** Incremental Build of configuration Debug for project lab3 ****
make all 
make: Nothing to be done for 'all'.
16:43:52 **** Incremental Build of configuration Debug for project lab5 ****
make all 
make: Nothing to be done for 'all'.
16:43:52 **** Incremental Build of configuration Debug for project lab6 ****
make all 
make: Nothing to be done for 'all'.
16:43:52 **** Incremental Build of configuration Debug for project lab7 ****
make all 
make: Nothing to be done for 'all'.
16:43:52 **** Incremental Build of configuration Debug for project lab9 ****
make all 
make: Nothing to be done for 'all'.
16:43:52 **** Incremental Build of configuration Debug for project prog01 ****
make all 
make: Nothing to be done for 'all'.
16:43:52 **** Incremental Build of configuration Debug for project prog02 ****
make all 
make: Nothing to be done for 'all'.
16:43:52 **** Incremental Build of configuration Debug for project prog03 ****
make all 
make: Nothing to be done for 'all'.
16:43:58 **** Incremental Build of configuration Debug for project lab10 ****
make all 
Building file: ../intVector.cpp
Invoking: GCC C++ Compiler
g++ -O0 -g3 -Wall -c -fmessage-length=0 -MMD -MP -MF"intVector.d" -MT"intVector.d" -o "intVector.o" "../intVector.cpp"
../intVector.cpp: In constructor 'intVector::intVector(int)':
../intVector.cpp:12:8: warning: extended initializer lists only available with -std=c++11 or -std=gnu++11
  :count{ size }
        ^
Finished building: ../intVector.cpp
 
Building file: ../main.cpp
Invoking: GCC C++ Compiler
g++ -O0 -g3 -Wall -c -fmessage-length=0 -MMD -MP -MF"main.d" -MT"main.d" -o "main.o" "../main.cpp"
Finished building: ../main.cpp
 
Building target: lab10
Invoking: GCC C++ Linker
g++  -o "lab10"  ./intVector.o ./main.o   
Finished building target: lab10
 
16:43:58 **** Incremental Build of configuration Debug for project lab3 ****
make all 
make: Nothing to be done for 'all'.
16:43:58 **** Incremental Build of configuration Debug for project lab5 ****
make all 
make: Nothing to be done for 'all'.
16:43:58 **** Incremental Build of configuration Debug for project lab6 ****
make all 
make: Nothing to be done for 'all'.
16:43:58 **** Incremental Build of configuration Debug for project lab7 ****
make all 
make: Nothing to be done for 'all'.
16:43:59 **** Incremental Build of configuration Debug for project lab9 ****
make all 
make: Nothing to be done for 'all'.
16:43:59 **** Incremental Build of configuration Debug for project prog01 ****
make all 
make: Nothing to be done for 'all'.
16:43:59 **** Incremental Build of configuration Debug for project prog02 ****
make all 
make: Nothing to be done for 'all'.
16:43:59 **** Incremental Build of configuration Debug for project prog03 ****
make all 
make: Nothing to be done for 'all'.
16:44:03 **** Incremental Build of configuration Debug for project lab10 ****
make all 
make: Nothing to be done for 'all'.
16:44:25 **** Incremental Build of configuration Debug for project lab10 ****
make all 
make: Nothing to be done for 'all'.
16:44:25 **** Incremental Build of configuration Debug for project lab3 ****
make all 
make: Nothing to be done for 'all'.
16:44:25 **** Incremental Build of configuration Debug for project lab5 ****
make all 
make: Nothing to be done for 'all'.
16:44:25 **** Incremental Build of configuration Debug for project lab6 ****
make all 
make: Nothing to be done for 'all'.
16:44:26 **** Incremental Build of configuration Debug for project lab7 ****
make all 
make: Nothing to be done for 'all'.
16:44:26 **** Incremental Build of configuration Debug for project lab9 ****
make all 
make: Nothing to be done for 'all'.
16:44:26 **** Incremental Build of configuration Debug for project prog01 ****
make all 
make: Nothing to be done for 'all'.
16:44:26 **** Incremental Build of configuration Debug for project prog02 ****
make all 
make: Nothing to be done for 'all'.
16:44:26 **** Incremental Build of configuration Debug for project prog03 ****
make all 
make: Nothing to be done for 'all'.
16:44:29 **** Incremental Build of configuration Debug for project lab10 ****
make all 
make: Nothing to be done for 'all'.
15:20:45 **** Incremental Build of configuration Debug for project lab10 ****
make all 
make: Nothing to be done for 'all'.
15:20:45 **** Incremental Build of configuration Debug for project lab3 ****
make all 
make: Nothing to be done for 'all'.
15:20:46 **** Incremental Build of configuration Debug for project lab5 ****
make all 
make: Nothing to be done for 'all'.
15:20:46 **** Incremental Build of configuration Debug for project lab6 ****
make all 
make: Nothing to be done for 'all'.
15:20:46 **** Incremental Build of configuration Debug for project lab7 ****
make all 
make: Nothing to be done for 'all'.
15:20:46 **** Incremental Build of configuration Debug for project lab9 ****
make all 
make: Nothing to be done for 'all'.
15:20:46 **** Incremental Build of configuration Debug for project prog01 ****
make all 
make: Nothing to be done for 'all'.
15:20:46 **** Incremental Build of configuration Debug for project prog02 ****
make all 
make: Nothing to be done for 'all'.
15:20:46 **** Incremental Build of configuration Debug for project prog03 ****
make all 
make: Nothing to be done for 'all'.
15:30:20 **** Incremental Build of configuration Debug for project lab10 ****
make all 
make: Nothing to be done for 'all'.
15:30:20 **** Build of configuration Debug for project lab11 ****
make all 
Building file: ../angle.cpp
Invoking: GCC C++ Compiler
g++ -O0 -g3 -Wall -c -fmessage-length=0 -MMD -MP -MF"angle.d" -MT"angle.d" -o "angle.o" "../angle.cpp"
In file included from ../angle.cpp:8:0:
../angle.h:23:29: error: 'bool Angle::operator<(Angle, Angle)' must take exactly one argument
subdir.mk:21: recipe for target 'angle.o' failed
  bool operator<(Angle, Angle);
                             ^
../angle.h:24:30: error: 'bool Angle::operator<=(Angle, Angle)' must take exactly one argument
  bool operator<=(Angle, Angle);
                              ^
../angle.h:25:29: error: 'bool Angle::operator>(Angle, Angle)' must take exactly one argument
  bool operator>(Angle, Angle);
                             ^
../angle.h:26:30: error: 'bool Angle::operator>=(Angle, Angle)' must take exactly one argument
  bool operator>=(Angle, Angle);
                              ^
../angle.h:27:30: error: 'bool Angle::operator==(Angle, Angle)' must take exactly one argument
  bool operator==(Angle, Angle);
                              ^
../angle.h:28:30: error: 'bool Angle::operator!=(Angle, Angle)' must take exactly one argument
  bool operator!=(Angle, Angle);
                              ^
../angle.h:29:48: error: 'std::istream& Angle::operator>>(std::istream&, Angle&)' must take exactly one argument
  std::istream& operator>>(std::istream&, Angle&);
                                                ^
../angle.h:30:47: error: 'std::ostream& Angle::operator<<(std::ostream&, Angle)' must take exactly one argument
  std::ostream& operator<<(std::ostream&, Angle);
                                               ^
../angle.cpp: In constructor 'Angle::Angle()':
../angle.cpp:13:11: warning: extended initializer lists only available with -std=c++11 or -std=gnu++11
  :degrees { 0 } {
           ^
../angle.cpp: In constructor 'Angle::Angle(double)':
../angle.cpp:19:11: warning: extended initializer lists only available with -std=c++11 or -std=gnu++11
  :degrees { degrees } {
           ^
../angle.cpp: At global scope:
../angle.cpp:23:15: error: definition of implicitly-declared 'Angle::~Angle()'
 Angle::~Angle() {
               ^
make: *** [angle.o] Error 1
15:30:20 **** Incremental Build of configuration Debug for project lab3 ****
make all 
make: Nothing to be done for 'all'.
15:30:20 **** Incremental Build of configuration Debug for project lab5 ****
make all 
make: Nothing to be done for 'all'.
15:30:20 **** Incremental Build of configuration Debug for project lab6 ****
make all 
make: Nothing to be done for 'all'.
15:30:20 **** Incremental Build of configuration Debug for project lab7 ****
make all 
make: Nothing to be done for 'all'.
15:30:20 **** Incremental Build of configuration Debug for project lab9 ****
make all 
make: Nothing to be done for 'all'.
15:30:21 **** Incremental Build of configuration Debug for project prog01 ****
make all 
make: Nothing to be done for 'all'.
15:30:21 **** Incremental Build of configuration Debug for project prog02 ****
make all 
make: Nothing to be done for 'all'.
15:30:21 **** Incremental Build of configuration Debug for project prog03 ****
make all 
make: Nothing to be done for 'all'.
15:31:07 **** Incremental Build of configuration Debug for project lab10 ****
make all 
make: Nothing to be done for 'all'.
15:31:07 **** Incremental Build of configuration Debug for project lab11 ****
make all 
Building file: ../angle.cpp
Invoking: GCC C++ Compiler
g++ -O0 -g3 -Wall -c -fmessage-length=0 -MMD -MP -MF"angle.d" -MT"angle.d" -o "angle.o" "../angle.cpp"
In file included from ../angle.cpp:8:0:
../angle.h:23:29: error: 'bool Angle::operator<(Angle, Angle)' must take exactly one argument
  bool operator<(Angle, Angle);
                             ^
../angle.h:24:30: error: 'bool Angle::operator<=(Angle, Angle)' must take exactly one argument
  bool operator<=(Angle, Angle);
                              ^
../angle.h:25:29: error: 'bool Angle::operator>(Angle, Angle)' must take exactly one argument
  bool operator>(Angle, Angle);
                             ^
../angle.h:26:30: error: 'bool Angle::operator>=(Angle, Angle)' must take exactly one argument
  bool operator>=(Angle, Angle);
                              ^
../angle.h:27:30: error: 'bool Angle::operator==(Angle, Angle)' must take exactly one argument
  bool operator==(Angle, Angle);
                              ^
../angle.h:28:30: error: 'bool Angle::operator!=(Angle, Angle)' must take exactly one argument
  bool operator!=(Angle, Angle);
                              ^
../angle.h:29:48: error: 'std::istream& Angle::operator>>(std::istream&, Angle&)' must take exactly one argument
  std::istream& operator>>(std::istream&, Angle&);
                                                ^
../angle.h:30:47: error: 'std::ostream& Angle::operator<<(std::ostream&, Angle)' must take exactly one argument
  std::ostream& operator<<(std::ostream&, Angle);
                                               ^
subdir.mk:21: recipe for target 'angle.o' failed
../angle.cpp:23:15: error: definition of implicitly-declared 'Angle::~Angle()'
 Angle::~Angle() {
               ^
make: *** [angle.o] Error 1
15:31:07 **** Incremental Build of configuration Debug for project lab3 ****
make all 
make: Nothing to be done for 'all'.
15:31:07 **** Incremental Build of configuration Debug for project lab5 ****
make all 
make: Nothing to be done for 'all'.
15:31:07 **** Incremental Build of configuration Debug for project lab6 ****
make all 
make: Nothing to be done for 'all'.
15:31:07 **** Incremental Build of configuration Debug for project lab7 ****
make all 
make: Nothing to be done for 'all'.
15:31:07 **** Incremental Build of configuration Debug for project lab9 ****
make all 
make: Nothing to be done for 'all'.
15:31:08 **** Incremental Build of configuration Debug for project prog01 ****
make all 
make: Nothing to be done for 'all'.
15:31:08 **** Incremental Build of configuration Debug for project prog02 ****
make all 
make: Nothing to be done for 'all'.
15:31:08 **** Incremental Build of configuration Debug for project prog03 ****
make all 
make: Nothing to be done for 'all'.
15:31:37 **** Incremental Build of configuration Debug for project lab10 ****
make all 
make: Nothing to be done for 'all'.
15:31:37 **** Incremental Build of configuration Debug for project lab11 ****
make all 
Building file: ../angle.cpp
Invoking: GCC C++ Compiler
g++ -O0 -g3 -Wall -c -fmessage-length=0 -MMD -MP -MF"angle.d" -MT"angle.d" -o "angle.o" "../angle.cpp"
In file included from ../angle.cpp:8:0:
../angle.h:24:29: error: 'bool Angle::operator<(Angle, Angle)' must take exactly one argument
  bool operator<(Angle, Angle);
                             ^
../angle.h:25:30: error: 'bool Angle::operator<=(Angle, Angle)' must take exactly one argument
  bool operator<=(Angle, Angle);
                              ^
../angle.h:26:29: error: 'bool Angle::operator>(Angle, Angle)' must take exactly one argument
  bool operator>(Angle, Angle);
                             ^
../angle.h:27:30: error: 'bool Angle::operator>=(Angle, Angle)' must take exactly one argument
  bool operator>=(Angle, Angle);
                              ^
../angle.h:28:30: error: 'bool Angle::operator==(Angle, Angle)' must take exactly one argument
  bool operator==(Angle, Angle);
                              ^
../angle.h:29:30: error: 'bool Angle::operator!=(Angle, Angle)' must take exactly one argument
  bool operator!=(Angle, Angle);
                              ^
../angle.h:30:48: error: 'std::istream& Angle::operator>>(std::istream&, Angle&)' must take exactly one argument
  std::istream& operator>>(std::istream&, Angle&);
                                                ^
../angle.h:31:47: error: 'std::ostream& Angle::operator<<(std::ostream&, Angle)' must take exactly one argument
subdir.mk:21: recipe for target 'angle.o' failed
  std::ostream& operator<<(std::ostream&, Angle);
                                               ^
make: *** [angle.o] Error 1
15:31:37 **** Incremental Build of configuration Debug for project lab3 ****
make all 
make: Nothing to be done for 'all'.
15:31:37 **** Incremental Build of configuration Debug for project lab5 ****
make all 
make: Nothing to be done for 'all'.
15:31:37 **** Incremental Build of configuration Debug for project lab6 ****
make all 
make: Nothing to be done for 'all'.
15:31:38 **** Incremental Build of configuration Debug for project lab7 ****
make all 
make: Nothing to be done for 'all'.
15:31:38 **** Incremental Build of configuration Debug for project lab9 ****
make all 
make: Nothing to be done for 'all'.
15:31:38 **** Incremental Build of configuration Debug for project prog01 ****
make all 
make: Nothing to be done for 'all'.
15:31:38 **** Incremental Build of configuration Debug for project prog02 ****
make all 
make: Nothing to be done for 'all'.
15:31:38 **** Incremental Build of configuration Debug for project prog03 ****
make all 
make: Nothing to be done for 'all'.
